<?xml version="1.0" encoding="UTF-8"?>
<testsuite xmlns:xsi="http://www.w3.org/2001/XMLSchema-instance" xsi:noNamespaceSchemaLocation="https://maven.apache.org/surefire/maven-failsafe-plugin/xsd/failsafe-test-report-3.0.xsd" version="3.0" name="runners.InicioSesionRunner" time="29.776" tests="6" errors="0" skipped="0" failures="0">
  <properties>
[...]
</properties>
  <testcase name="Mostrar Contraseña" classname="Funcionalidad de Inicio de Sesión y Gestión de Cuentas en una Aplicación de Tablero Kanban" time="9.435">
    <system-out><![CDATA[21:11:01.924 [ForkJoinPool-2-worker-1] INFO  n.thucydides.core.steps.StepEventBus - Loading JUnit Platform configuration parameters from classpath resource [junit-platform.properties].
21:11:01.957 [ForkJoinPool-2-worker-1] INFO   - 

-------------------------------------------------------------------------------------
     _______. _______ .______       _______ .__   __.  __  .___________.____    ____ 
    /       ||   ____||   _  \     |   ____||  \ |  | |  | |           |\   \  /   / 
   |   (----`|  |__   |  |_)  |    |  |__   |   \|  | |  | `---|  |----` \   \/   /  
    \   \    |   __|  |      /     |   __|  |  . `  | |  |     |  |       \_    _/   
.----)   |   |  |____ |  |\  \----.|  |____ |  |\   | |  |     |  |         |  |     
|_______/    |_______|| _| `._____||_______||__| \__| |__|     |__|         |__|    
                                                                                     
 News and tutorials at http://www.serenity-bdd.info                                  
 Documentation at https://wakaleo.gitbooks.io/the-serenity-book/content/             
 Join the Serenity Community on Gitter: https://gitter.im/serenity-bdd/serenity-core 
 Serenity BDD Support and Training at http://serenity-bdd.info/#/trainingandsupport  
-------------------------------------------------------------------------------------

21:11:01.961 [ForkJoinPool-2-worker-1] INFO   - Test Suite Started: Funcionalidad de Inicio de Sesión y Gestión de Cuentas en una Aplicación de Tablero Kanban

@escenario05
Esquema del escenario: Crear una Cuenta Nueva                                                                                                                          &amp#27;[90m# features/inicio_sesion.feature:40&amp#27;[0m

@escenario02
Escenario: Iniciar Sesión con Credenciales Incorrectas                                &amp#27;[90m# features/inicio_sesion.feature:12&amp#27;[0m

@escenario01
Escenario: Iniciar Sesión con Credenciales Válidas                                          &amp#27;[90m# features/inicio_sesion.feature:6&amp#27;[0m

@escenario03
Escenario: Mostrar Contraseña                                                         &amp#27;[90m# features/inicio_sesion.feature:18&amp#27;[0m
21:11:02.437 [ForkJoinPool-2-worker-3] INFO  n.s.c.w.d.ChromeDriverProvider - Starting Chrome driver instance with capabilities:
21:11:02.437 [ForkJoinPool-2-worker-2] INFO  n.s.c.w.d.ChromeDriverProvider - Starting Chrome driver instance with capabilities:
21:11:02.437 [ForkJoinPool-2-worker-1] INFO  n.s.c.w.d.ChromeDriverProvider - Starting Chrome driver instance with capabilities:
21:11:02.437 [ForkJoinPool-2-worker-4] INFO  n.s.c.w.d.ChromeDriverProvider - Starting Chrome driver instance with capabilities:
21:11:02.437 [ForkJoinPool-2-worker-2] INFO  n.s.c.w.d.ChromeDriverProvider - Capabilities {acceptInsecureCerts: false, browserName: chrome, goog:chromeOptions: {args: [remote-allow-origins=*, """--start-maximized, --test-type, --no-sandbox, --ignore-certificate-errors], extensions: []}}
21:11:02.437 [ForkJoinPool-2-worker-4] INFO  n.s.c.w.d.ChromeDriverProvider - Capabilities {acceptInsecureCerts: false, browserName: chrome, goog:chromeOptions: {args: [remote-allow-origins=*, """--start-maximized, --test-type, --no-sandbox, --ignore-certificate-errors], extensions: []}}
21:11:02.437 [ForkJoinPool-2-worker-3] INFO  n.s.c.w.d.ChromeDriverProvider - Capabilities {acceptInsecureCerts: false, browserName: chrome, goog:chromeOptions: {args: [remote-allow-origins=*, """--start-maximized, --test-type, --no-sandbox, --ignore-certificate-errors], extensions: []}}
21:11:02.437 [ForkJoinPool-2-worker-1] INFO  n.s.c.w.d.ChromeDriverProvider - Capabilities {acceptInsecureCerts: false, browserName: chrome, goog:chromeOptions: {args: [remote-allow-origins=*, """--start-maximized, --test-type, --no-sandbox, --ignore-certificate-errors], extensions: []}}
  &amp#27;[32mDado &amp#27;[0m&amp#27;[32m&amp#27;[0m&amp#27;[32m&amp#27;[1msergey&amp#27;[0m&amp#27;[32m está en la página de inicio de sesión&amp#27;[0m                                         &amp#27;[90m# stepdefinitions.InicioSesionStepDefinitions.usuario_esta_en_pagina_inicio_sesion(net.serenitybdd.screenplay.Actor)&amp#27;[0m
  &amp#27;[32mDado &amp#27;[0m&amp#27;[32m&amp#27;[0m&amp#27;[32m&amp#27;[1mSergey&amp#27;[0m&amp#27;[32m está en la página de inicio de sesión&amp#27;[0m                                   &amp#27;[90m# stepdefinitions.InicioSesionStepDefinitions.usuario_esta_en_pagina_inicio_sesion(net.serenitybdd.screenplay.Actor)&amp#27;[0m
  &amp#27;[32mDado &amp#27;[0m&amp#27;[32m&amp#27;[0m&amp#27;[32m&amp#27;[1mSergey&amp#27;[0m&amp#27;[32m está en la página de inicio de sesión&amp#27;[0m                                   &amp#27;[90m# stepdefinitions.InicioSesionStepDefinitions.usuario_esta_en_pagina_inicio_sesion(net.serenitybdd.screenplay.Actor)&amp#27;[0m
  &amp#27;[32mDado &amp#27;[0m&amp#27;[32mSergey está en la página de registro&amp#27;[0m                                                                                                                            &amp#27;[90m# stepdefinitions.InicioSesionStepDefinitions.sergyEstaEnLaPaginaDeRegistro()&amp#27;[0m
  &amp#27;[32mCuando &amp#27;[0m&amp#27;[32mingresa el nombre de usuario &amp#27;[0m&amp#27;[32m&amp#27;[1m"lizmarie@sjdhf.com"&amp#27;[0m&amp#27;[32m y la contraseña &amp#27;[0m&amp#27;[32m&amp#27;[1m"sjsdsskk"&amp#27;[0m &amp#27;[90m# stepdefinitions.InicioSesionStepDefinitions.el_usuario_ingresa_credenciales(java.lang.String,java.lang.String)&amp#27;[0m
  &amp#27;[32mCuando &amp#27;[0m&amp#27;[32mingresa el nombre de usuario &amp#27;[0m&amp#27;[32m&amp#27;[1m"cbarahona@calengs.com"&amp#27;[0m&amp#27;[32m y la contraseña &amp#27;[0m&amp#27;[32m&amp#27;[1m"testenvpass"&amp#27;[0m &amp#27;[90m# stepdefinitions.InicioSesionStepDefinitions.el_usuario_ingresa_credenciales(java.lang.String,java.lang.String)&amp#27;[0m
  &amp#27;[32mY &amp#27;[0m&amp#27;[32mhace clic en el enlace "Show Password"&amp#27;[0m                                            &amp#27;[90m# stepdefinitions.InicioSesionStepDefinitions.haceClicEnElEnlaceShowPassword()&amp#27;[0m
  &amp#27;[32mCuando &amp#27;[0m&amp#27;[32mingresa el nombre de usuario &amp#27;[0m&amp#27;[32m&amp#27;[1m"lizmarie@sjdhf.com"&amp#27;[0m&amp#27;[32m y la contraseña &amp#27;[0m&amp#27;[32m&amp#27;[1m"sjsdsskk"&amp#27;[0m &amp#27;[90m# stepdefinitions.InicioSesionStepDefinitions.el_usuario_ingresa_credenciales(java.lang.String,java.lang.String)&amp#27;[0m
  &amp#27;[32mEntonces &amp#27;[0m&amp#27;[32mdebería ver su contraseña en texto claro&amp#27;[0m                                   &amp#27;[90m# stepdefinitions.InicioSesionStepDefinitions.deberiaVerSuContrasenaEnTextoClaro()&amp#27;[0m
21:11:11.331 [AsyncHttpClient-1-11] WARN  o.a.netty.handler.WebSocketHandler - onError
java.net.SocketException: Connection reset
	at java.base/sun.nio.ch.SocketChannelImpl.throwConnectionReset(SocketChannelImpl.java:394)
	at java.base/sun.nio.ch.SocketChannelImpl.read(SocketChannelImpl.java:426)
	at io.netty.buffer.PooledByteBuf.setBytes(PooledByteBuf.java:256)
	at io.netty.buffer.AbstractByteBuf.writeBytes(AbstractByteBuf.java:1132)
	at io.netty.channel.socket.nio.NioSocketChannel.doReadBytes(NioSocketChannel.java:357)
	at io.netty.channel.nio.AbstractNioByteChannel$NioByteUnsafe.read(AbstractNioByteChannel.java:151)
	at io.netty.channel.nio.NioEventLoop.processSelectedKey(NioEventLoop.java:788)
	at io.netty.channel.nio.NioEventLoop.processSelectedKeysOptimized(NioEventLoop.java:724)
	at io.netty.channel.nio.NioEventLoop.processSelectedKeys(NioEventLoop.java:650)
	at io.netty.channel.nio.NioEventLoop.run(NioEventLoop.java:562)
	at io.netty.util.concurrent.SingleThreadEventExecutor$4.run(SingleThreadEventExecutor.java:997)
	at io.netty.util.internal.ThreadExecutorMap$2.run(ThreadExecutorMap.java:74)
	at io.netty.util.concurrent.FastThreadLocalRunnable.run(FastThreadLocalRunnable.java:30)
	at java.base/java.lang.Thread.run(Thread.java:833)
  &amp#27;[32mCuando &amp#27;[0m&amp#27;[32mcompleta el formulario de registro con su nombre &amp#27;[0m&amp#27;[32m&amp#27;[1m"NombreEjemplo2"&amp#27;[0m&amp#27;[32m, apellido &amp#27;[0m&amp#27;[32m&amp#27;[1m"ApellidoEjemplo2"&amp#27;[0m&amp#27;[32m, correo electrónico &amp#27;[0m&amp#27;[32m&amp#27;[1m"correo2@example.com"&amp#27;[0m&amp#27;[32m y contraseña &amp#27;[0m&amp#27;[32m&amp#27;[1m"Pass2"&amp#27;[0m &amp#27;[90m# stepdefinitions.InicioSesionStepDefinitions.completa_el_formulario_de_registro_con_su_nombre_apellido_correo_electrónico_y_contraseña(java.lang.String,java.lang.String,java.lang.String,java.lang.String)&amp#27;[0m
  &amp#27;[32mEntonces &amp#27;[0m&amp#27;[32mdebería ver un mensaje de error que dice &amp#27;[0m&amp#27;[32m&amp#27;[1m"Email isn't a valid email"&amp#27;[0m       &amp#27;[90m# stepdefinitions.InicioSesionStepDefinitions.el_usuario_deberia_ver_un_mensaje_de_error(java.lang.String)&amp#27;[0m
]]></system-out>
    <system-err><![CDATA[Nov 23, 2023 9:11:08 PM org.openqa.selenium.devtools.CdpVersionFinder findNearestMatch
WARNING: Unable to find an exact match for CDP version 119, so returning the closest version found: 115
Nov 23, 2023 9:11:08 PM org.openqa.selenium.devtools.CdpVersionFinder findNearestMatch
WARNING: Unable to find an exact match for CDP version 119, so returning the closest version found: 115
Nov 23, 2023 9:11:08 PM org.openqa.selenium.devtools.CdpVersionFinder findNearestMatch
WARNING: Unable to find an exact match for CDP version 119, so returning the closest version found: 115
Nov 23, 2023 9:11:08 PM org.openqa.selenium.devtools.CdpVersionFinder findNearestMatch
WARNING: Unable to find an exact match for CDP version 119, so returning the closest version found: 115
Nov 23, 2023 9:11:11 PM org.openqa.selenium.remote.http.WebSocket$Listener onError
WARNING: Connection reset
java.net.SocketException: Connection reset
	at java.base/sun.nio.ch.SocketChannelImpl.throwConnectionReset(SocketChannelImpl.java:394)
	at java.base/sun.nio.ch.SocketChannelImpl.read(SocketChannelImpl.java:426)
	at io.netty.buffer.PooledByteBuf.setBytes(PooledByteBuf.java:256)
	at io.netty.buffer.AbstractByteBuf.writeBytes(AbstractByteBuf.java:1132)
	at io.netty.channel.socket.nio.NioSocketChannel.doReadBytes(NioSocketChannel.java:357)
	at io.netty.channel.nio.AbstractNioByteChannel$NioByteUnsafe.read(AbstractNioByteChannel.java:151)
	at io.netty.channel.nio.NioEventLoop.processSelectedKey(NioEventLoop.java:788)
	at io.netty.channel.nio.NioEventLoop.processSelectedKeysOptimized(NioEventLoop.java:724)
	at io.netty.channel.nio.NioEventLoop.processSelectedKeys(NioEventLoop.java:650)
	at io.netty.channel.nio.NioEventLoop.run(NioEventLoop.java:562)
	at io.netty.util.concurrent.SingleThreadEventExecutor$4.run(SingleThreadEventExecutor.java:997)
	at io.netty.util.internal.ThreadExecutorMap$2.run(ThreadExecutorMap.java:74)
	at io.netty.util.concurrent.FastThreadLocalRunnable.run(FastThreadLocalRunnable.java:30)
	at java.base/java.lang.Thread.run(Thread.java:833)

]]></system-err>
  </testcase>
  <testcase name="Iniciar Sesión con Credenciales Incorrectas" classname="Funcionalidad de Inicio de Sesión y Gestión de Cuentas en una Aplicación de Tablero Kanban" time="9.543"/>
  <testcase name="Olvidé mi Contraseña" classname="Funcionalidad de Inicio de Sesión y Gestión de Cuentas en una Aplicación de Tablero Kanban" time="6.609">
    <system-out><![CDATA[21:11:11.731 [ForkJoinPool-2-worker-3] INFO  n.s.c.w.d.ChromeDriverProvider - Starting Chrome driver instance with capabilities:
21:11:11.731 [ForkJoinPool-2-worker-3] INFO  n.s.c.w.d.ChromeDriverProvider - Capabilities {acceptInsecureCerts: false, browserName: chrome, goog:chromeOptions: {args: [remote-allow-origins=*, """--start-maximized, --test-type, --no-sandbox, --ignore-certificate-errors], extensions: []}}
21:11:11.735 [ForkJoinPool-2-worker-4] INFO  n.s.c.w.d.ChromeDriverProvider - Starting Chrome driver instance with capabilities:
21:11:11.735 [ForkJoinPool-2-worker-4] INFO  n.s.c.w.d.ChromeDriverProvider - Capabilities {acceptInsecureCerts: false, browserName: chrome, goog:chromeOptions: {args: [remote-allow-origins=*, """--start-maximized, --test-type, --no-sandbox, --ignore-certificate-errors], extensions: []}}
  &amp#27;[32mDado &amp#27;[0m&amp#27;[32m&amp#27;[0m&amp#27;[32m&amp#27;[1mSergey&amp#27;[0m&amp#27;[32m está en la página de inicio de sesión&amp#27;[0m                                         &amp#27;[90m# stepdefinitions.InicioSesionStepDefinitions.usuario_esta_en_pagina_inicio_sesion(net.serenitybdd.screenplay.Actor)&amp#27;[0m
  &amp#27;[32mDado &amp#27;[0m&amp#27;[32mSergey está en la página de registro&amp#27;[0m                                                                                                                            &amp#27;[90m# stepdefinitions.InicioSesionStepDefinitions.sergyEstaEnLaPaginaDeRegistro()&amp#27;[0m
  &amp#27;[32mCuando &amp#27;[0m&amp#27;[32mingresa el nombre de usuario &amp#27;[0m&amp#27;[32m&amp#27;[1m"cbarahona@calengs.com"&amp#27;[0m&amp#27;[32m y la contraseña &amp#27;[0m&amp#27;[32m&amp#27;[1m"testenvpass"&amp#27;[0m &amp#27;[90m# stepdefinitions.InicioSesionStepDefinitions.el_usuario_ingresa_credenciales(java.lang.String,java.lang.String)&amp#27;[0m
  &amp#27;[32mY &amp#27;[0m&amp#27;[32mhace clic en el enlace Olvidé mi Contraseña&amp#27;[0m                                             &amp#27;[90m# stepdefinitions.InicioSesionStepDefinitions.hace_clic_en_el_enlace()&amp#27;[0m
]]></system-out>
    <system-err><![CDATA[Nov 23, 2023 9:11:15 PM org.openqa.selenium.devtools.CdpVersionFinder findNearestMatch
WARNING: Unable to find an exact match for CDP version 119, so returning the closest version found: 115
Nov 23, 2023 9:11:15 PM org.openqa.selenium.devtools.CdpVersionFinder findNearestMatch
WARNING: Unable to find an exact match for CDP version 119, so returning the closest version found: 115
]]></system-err>
  </testcase>
  <testcase name="Iniciar Sesión con Credenciales Válidas" classname="Funcionalidad de Inicio de Sesión y Gestión de Cuentas en una Aplicación de Tablero Kanban" time="29.144">
    <system-out><![CDATA[  &amp#27;[32mEntonces &amp#27;[0m&amp#27;[32mdebería estar en su panel de control&amp#27;[0m                                             &amp#27;[90m# stepdefinitions.InicioSesionStepDefinitions.usuario_deberia_estar_en_panel_control()&amp#27;[0m
]]></system-out>
  </testcase>
  <testcase name="Example #1.2" classname="Ejemplos" time="9.657">
    <system-out><![CDATA[
@escenario04
Escenario: Olvidé mi Contraseña                                                             &amp#27;[90m# features/inicio_sesion.feature:25&amp#27;[0m

@escenario05
Esquema del escenario: Crear una Cuenta Nueva                                                                                                                          &amp#27;[90m# features/inicio_sesion.feature:39&amp#27;[0m
  &amp#27;[32mY &amp#27;[0m&amp#27;[32mhace clic en el botón "Registrarse"&amp#27;[0m                                                                                                                                &amp#27;[90m# stepdefinitions.InicioSesionStepDefinitions.haceClicEnElBotonRegistrarse()&amp#27;[0m
]]></system-out>
  </testcase>
  <testcase name="Example #1.1" classname="Ejemplos" time="6.823">
    <system-out><![CDATA[  &amp#27;[32mCuando &amp#27;[0m&amp#27;[32mcompleta el formulario de registro con su nombre &amp#27;[0m&amp#27;[32m&amp#27;[1m"NombreEjemplo1"&amp#27;[0m&amp#27;[32m, apellido &amp#27;[0m&amp#27;[32m&amp#27;[1m"ApellidoEjemplo1"&amp#27;[0m&amp#27;[32m, correo electrónico &amp#27;[0m&amp#27;[32m&amp#27;[1m"correo1@example.com"&amp#27;[0m&amp#27;[32m y contraseña &amp#27;[0m&amp#27;[32m&amp#27;[1m"Pass1"&amp#27;[0m &amp#27;[90m# stepdefinitions.InicioSesionStepDefinitions.completa_el_formulario_de_registro_con_su_nombre_apellido_correo_electrónico_y_contraseña(java.lang.String,java.lang.String,java.lang.String,java.lang.String)&amp#27;[0m
  &amp#27;[32mY &amp#27;[0m&amp#27;[32mhace clic en el botón "Registrarse"&amp#27;[0m                                                                                                                                &amp#27;[90m# stepdefinitions.InicioSesionStepDefinitions.haceClicEnElBotonRegistrarse()&amp#27;[0m
]]></system-out>
  </testcase>
</testsuite>